<?xml version="1.0" encoding="UTF-8"?>
<!-- Generated by org.testng.reporters.JUnitReportReporter -->
<testsuite skipped="0" hostname="LAPTOP-QNUC1IK4" name="tests.NewTest" tests="1" failures="0" timestamp="01 Mar 2019 18:32:45 GMT" time="21.160" errors="0">
  <testcase name="openMyBlog" time="21.160" classname="tests.NewTest"/>
</testsuite> <!-- tests.NewTest -->
