<?xml version="1.0" encoding="UTF-8"?>
<!-- Generated by org.testng.reporters.JUnitReportReporter -->
<testsuite skipped="0" hostname="LAPTOP-QNUC1IK4" name="tests.NewTest" tests="1" failures="0" timestamp="01 Mar 2019 19:17:45 GMT" time="9.992" errors="0">
  <testcase name="openMyBlog" time="9.992" classname="tests.NewTest"/>
</testsuite> <!-- tests.NewTest -->
